snowflake_credits_used{warehouse="analytics_wh"} 40.0
snowflake_credits_used{warehouse="etl_wh"} 58.64
snowflake_credits_used{warehouse="bi_wh"} 62.5
snowflake_credits_used{warehouse="analytics_wh"} 88.08
snowflake_credits_used{warehouse="etl_wh"} 40.81
snowflake_credits_used{warehouse="bi_wh"} 14.83
snowflake_credits_used{warehouse="analytics_wh"} 21.54
snowflake_credits_used{warehouse="etl_wh"} 18.96
snowflake_credits_used{warehouse="bi_wh"} 62.77
snowflake_credits_used{warehouse="analytics_wh"} 32.17
snowflake_credits_used{warehouse="etl_wh"} 40.43
snowflake_credits_used{warehouse="bi_wh"} 98.76
snowflake_credits_used{warehouse="analytics_wh"} 11.16
snowflake_credits_used{warehouse="etl_wh"} 48.43
snowflake_credits_used{warehouse="bi_wh"} 12.57
snowflake_credits_used{warehouse="analytics_wh"} 11.66
snowflake_credits_used{warehouse="etl_wh"} 81.67
snowflake_credits_used{warehouse="bi_wh"} 83.57
snowflake_credits_used{warehouse="analytics_wh"} 83.44
snowflake_credits_used{warehouse="etl_wh"} 78.6
snowflake_credits_used{warehouse="bi_wh"} 44.06
snowflake_credits_used{warehouse="analytics_wh"} 21.7
snowflake_credits_used{warehouse="etl_wh"} 80.81
snowflake_credits_used{warehouse="bi_wh"} 65.27
snowflake_credits_used{warehouse="analytics_wh"} 21.0
snowflake_credits_used{warehouse="etl_wh"} 95.72
snowflake_credits_used{warehouse="bi_wh"} 52.01
snowflake_credits_used{warehouse="analytics_wh"} 42.18
snowflake_credits_used{warehouse="etl_wh"} 70.29
snowflake_credits_used{warehouse="bi_wh"} 20.13
snowflake_credits_used{warehouse="analytics_wh"} 60.43
snowflake_credits_used{warehouse="etl_wh"} 99.99
snowflake_credits_used{warehouse="bi_wh"} 34.02
snowflake_credits_used{warehouse="analytics_wh"} 56.34
snowflake_credits_used{warehouse="etl_wh"} 26.58
snowflake_credits_used{warehouse="bi_wh"} 24.44
snowflake_credits_used{warehouse="analytics_wh"} 44.8
snowflake_credits_used{warehouse="etl_wh"} 62.78
snowflake_credits_used{warehouse="bi_wh"} 48.53
snowflake_credits_used{warehouse="analytics_wh"} 59.76
snowflake_credits_used{warehouse="etl_wh"} 35.44
snowflake_credits_used{warehouse="bi_wh"} 90.6
snowflake_credits_used{warehouse="analytics_wh"} 52.78
snowflake_credits_used{warehouse="etl_wh"} 34.06
snowflake_credits_used{warehouse="bi_wh"} 95.45
snowflake_credits_used{warehouse="analytics_wh"} 79.72
snowflake_credits_used{warehouse="etl_wh"} 16.38
snowflake_credits_used{warehouse="bi_wh"} 64.53
snowflake_credits_used{warehouse="analytics_wh"} 86.7
snowflake_credits_used{warehouse="etl_wh"} 30.37
snowflake_credits_used{warehouse="bi_wh"} 76.67
snowflake_credits_used{warehouse="analytics_wh"} 34.55
snowflake_credits_used{warehouse="etl_wh"} 22.23
snowflake_credits_used{warehouse="bi_wh"} 33.07
snowflake_credits_used{warehouse="analytics_wh"} 62.68
snowflake_credits_used{warehouse="etl_wh"} 38.12
snowflake_credits_used{warehouse="bi_wh"} 58.64
snowflake_credits_used{warehouse="analytics_wh"} 22.71
snowflake_credits_used{warehouse="etl_wh"} 22.01
snowflake_credits_used{warehouse="bi_wh"} 29.17
snowflake_credits_used{warehouse="analytics_wh"} 19.48
snowflake_credits_used{warehouse="etl_wh"} 18.77
snowflake_credits_used{warehouse="bi_wh"} 15.28
snowflake_credits_used{warehouse="analytics_wh"} 53.43
snowflake_credits_used{warehouse="etl_wh"} 31.37
snowflake_credits_used{warehouse="bi_wh"} 69.63
snowflake_credits_used{warehouse="analytics_wh"} 70.79
snowflake_credits_used{warehouse="etl_wh"} 20.64
snowflake_credits_used{warehouse="bi_wh"} 64.84
snowflake_credits_used{warehouse="analytics_wh"} 80.25
snowflake_credits_used{warehouse="etl_wh"} 11.73
snowflake_credits_used{warehouse="bi_wh"} 51.87
snowflake_credits_used{warehouse="analytics_wh"} 94.65
snowflake_credits_used{warehouse="etl_wh"} 43.62
snowflake_credits_used{warehouse="bi_wh"} 45.5
snowflake_credits_used{warehouse="analytics_wh"} 83.24
snowflake_credits_used{warehouse="etl_wh"} 68.49
snowflake_credits_used{warehouse="bi_wh"} 40.49
snowflake_credits_used{warehouse="analytics_wh"} 30.89
snowflake_credits_used{warehouse="etl_wh"} 51.93
snowflake_credits_used{warehouse="bi_wh"} 17.08
snowflake_credits_used{warehouse="analytics_wh"} 96.88
snowflake_credits_used{warehouse="etl_wh"} 76.11
snowflake_credits_used{warehouse="bi_wh"} 87.2
snowflake_credits_used{warehouse="analytics_wh"} 90.18
snowflake_credits_used{warehouse="etl_wh"} 54.47
snowflake_credits_used{warehouse="bi_wh"} 43.71
snowflake_credits_used{warehouse="analytics_wh"} 24.17
snowflake_credits_used{warehouse="etl_wh"} 16.15
snowflake_credits_used{warehouse="bi_wh"} 26.12
snowflake_credits_used{warehouse="analytics_wh"} 33.92
snowflake_credits_used{warehouse="etl_wh"} 38.14
snowflake_credits_used{warehouse="bi_wh"} 65.65
snowflake_credits_used{warehouse="analytics_wh"} 68.52
snowflake_credits_used{warehouse="etl_wh"} 86.35
snowflake_credits_used{warehouse="bi_wh"} 22.27
snowflake_credits_used{warehouse="analytics_wh"} 16.0
snowflake_credits_used{warehouse="etl_wh"} 60.01
snowflake_credits_used{warehouse="bi_wh"} 14.14
snowflake_credits_used{warehouse="analytics_wh"} 15.89
snowflake_credits_used{warehouse="etl_wh"} 26.29
snowflake_credits_used{warehouse="bi_wh"} 89.02
snowflake_credits_used{warehouse="analytics_wh"} 97.65
snowflake_credits_used{warehouse="etl_wh"} 71.35
snowflake_credits_used{warehouse="bi_wh"} 10.3
snowflake_credits_used{warehouse="analytics_wh"} 97.75
snowflake_credits_used{warehouse="etl_wh"} 88.21
snowflake_credits_used{warehouse="bi_wh"} 62.25
snowflake_credits_used{warehouse="analytics_wh"} 17.89
snowflake_credits_used{warehouse="etl_wh"} 35.46
snowflake_credits_used{warehouse="bi_wh"} 11.9
snowflake_credits_used{warehouse="analytics_wh"} 29.6
snowflake_credits_used{warehouse="etl_wh"} 10.44
snowflake_credits_used{warehouse="bi_wh"} 80.66
snowflake_credits_used{warehouse="analytics_wh"} 94.41
snowflake_credits_used{warehouse="etl_wh"} 77.7
snowflake_credits_used{warehouse="bi_wh"} 98.95
snowflake_credits_used{warehouse="analytics_wh"} 97.75
snowflake_credits_used{warehouse="etl_wh"} 18.34
snowflake_credits_used{warehouse="bi_wh"} 26.91
snowflake_credits_used{warehouse="analytics_wh"} 34.1
snowflake_credits_used{warehouse="etl_wh"} 42.43
snowflake_credits_used{warehouse="bi_wh"} 87.63
snowflake_credits_used{warehouse="analytics_wh"} 74.95
snowflake_credits_used{warehouse="etl_wh"} 22.87
snowflake_credits_used{warehouse="bi_wh"} 63.38
snowflake_credits_used{warehouse="analytics_wh"} 16.41
snowflake_credits_used{warehouse="etl_wh"} 27.43
snowflake_credits_used{warehouse="bi_wh"} 96.36
snowflake_credits_used{warehouse="analytics_wh"} 13.79
snowflake_credits_used{warehouse="etl_wh"} 81.32
snowflake_credits_used{warehouse="bi_wh"} 48.0
snowflake_credits_used{warehouse="analytics_wh"} 64.09
snowflake_credits_used{warehouse="etl_wh"} 47.6
snowflake_credits_used{warehouse="bi_wh"} 63.95
snowflake_credits_used{warehouse="analytics_wh"} 72.98
snowflake_credits_used{warehouse="etl_wh"} 31.01
snowflake_credits_used{warehouse="bi_wh"} 67.97
snowflake_credits_used{warehouse="analytics_wh"} 52.91
snowflake_credits_used{warehouse="etl_wh"} 41.57
snowflake_credits_used{warehouse="bi_wh"} 21.05
snowflake_credits_used{warehouse="analytics_wh"} 89.44
snowflake_credits_used{warehouse="etl_wh"} 57.25
snowflake_credits_used{warehouse="bi_wh"} 14.17
snowflake_credits_used{warehouse="analytics_wh"} 45.42
snowflake_credits_used{warehouse="etl_wh"} 63.04
snowflake_credits_used{warehouse="bi_wh"} 95.89
snowflake_credits_used{warehouse="analytics_wh"} 62.09
snowflake_credits_used{warehouse="etl_wh"} 46.93
snowflake_credits_used{warehouse="bi_wh"} 43.02
snowflake_credits_used{warehouse="analytics_wh"} 73.5
snowflake_credits_used{warehouse="etl_wh"} 40.13
snowflake_credits_used{warehouse="bi_wh"} 71.05
snowflake_credits_used{warehouse="analytics_wh"} 62.01
snowflake_credits_used{warehouse="etl_wh"} 63.71
snowflake_credits_used{warehouse="bi_wh"} 64.51
snowflake_credits_used{warehouse="analytics_wh"} 81.62
snowflake_credits_used{warehouse="etl_wh"} 88.46
snowflake_credits_used{warehouse="bi_wh"} 96.65
snowflake_credits_used{warehouse="analytics_wh"} 11.92
snowflake_credits_used{warehouse="etl_wh"} 84.26
snowflake_credits_used{warehouse="bi_wh"} 93.12
snowflake_credits_used{warehouse="analytics_wh"} 17.41
snowflake_credits_used{warehouse="etl_wh"} 27.61
snowflake_credits_used{warehouse="bi_wh"} 15.43
snowflake_credits_used{warehouse="analytics_wh"} 72.1
snowflake_credits_used{warehouse="etl_wh"} 27.64
snowflake_credits_used{warehouse="bi_wh"} 15.9
snowflake_credits_used{warehouse="analytics_wh"} 18.21
snowflake_credits_used{warehouse="etl_wh"} 11.87
snowflake_credits_used{warehouse="bi_wh"} 37.16
snowflake_credits_used{warehouse="analytics_wh"} 36.98
snowflake_credits_used{warehouse="etl_wh"} 80.31
snowflake_credits_used{warehouse="bi_wh"} 50.79
snowflake_credits_used{warehouse="analytics_wh"} 93.0
snowflake_credits_used{warehouse="etl_wh"} 29.54
snowflake_credits_used{warehouse="bi_wh"} 74.0
snowflake_credits_used{warehouse="analytics_wh"} 74.31
snowflake_credits_used{warehouse="etl_wh"} 91.15
snowflake_credits_used{warehouse="bi_wh"} 40.87
snowflake_credits_used{warehouse="analytics_wh"} 11.62
snowflake_credits_used{warehouse="etl_wh"} 82.7
snowflake_credits_used{warehouse="bi_wh"} 50.71
snowflake_credits_used{warehouse="analytics_wh"} 15.39
snowflake_credits_used{warehouse="etl_wh"} 90.39
snowflake_credits_used{warehouse="bi_wh"} 54.5
snowflake_credits_used{warehouse="analytics_wh"} 45.01
snowflake_credits_used{warehouse="etl_wh"} 21.8
snowflake_credits_used{warehouse="bi_wh"} 81.95
snowflake_credits_used{warehouse="analytics_wh"} 41.83
snowflake_credits_used{warehouse="etl_wh"} 59.76
snowflake_credits_used{warehouse="bi_wh"} 28.53
snowflake_credits_used{warehouse="analytics_wh"} 67.95
snowflake_credits_used{warehouse="etl_wh"} 28.45
snowflake_credits_used{warehouse="bi_wh"} 15.67
snowflake_credits_used{warehouse="analytics_wh"} 85.28
snowflake_credits_used{warehouse="etl_wh"} 54.98
snowflake_credits_used{warehouse="bi_wh"} 88.34
snowflake_credits_used{warehouse="analytics_wh"} 86.15
snowflake_credits_used{warehouse="etl_wh"} 59.36
snowflake_credits_used{warehouse="bi_wh"} 94.1
snowflake_credits_used{warehouse="analytics_wh"} 14.97
snowflake_credits_used{warehouse="etl_wh"} 24.84
snowflake_credits_used{warehouse="bi_wh"} 48.83
snowflake_credits_used{warehouse="analytics_wh"} 23.78
snowflake_credits_used{warehouse="etl_wh"} 67.11
snowflake_credits_used{warehouse="bi_wh"} 71.54
snowflake_credits_used{warehouse="analytics_wh"} 27.78
snowflake_credits_used{warehouse="etl_wh"} 50.14
snowflake_credits_used{warehouse="bi_wh"} 46.89
snowflake_credits_used{warehouse="analytics_wh"} 17.08
snowflake_credits_used{warehouse="etl_wh"} 47.15
snowflake_credits_used{warehouse="bi_wh"} 31.38
snowflake_credits_used{warehouse="analytics_wh"} 38.82
snowflake_credits_used{warehouse="etl_wh"} 45.36
snowflake_credits_used{warehouse="bi_wh"} 65.5
snowflake_credits_used{warehouse="analytics_wh"} 54.0
snowflake_credits_used{warehouse="etl_wh"} 50.35
snowflake_credits_used{warehouse="bi_wh"} 88.08
snowflake_credits_used{warehouse="analytics_wh"} 93.32
snowflake_credits_used{warehouse="etl_wh"} 73.36
snowflake_credits_used{warehouse="bi_wh"} 90.25
snowflake_credits_used{warehouse="analytics_wh"} 99.21
snowflake_credits_used{warehouse="etl_wh"} 89.29
snowflake_credits_used{warehouse="bi_wh"} 75.86
snowflake_credits_used{warehouse="analytics_wh"} 30.53
snowflake_credits_used{warehouse="etl_wh"} 33.87
snowflake_credits_used{warehouse="bi_wh"} 90.38
snowflake_credits_used{warehouse="analytics_wh"} 73.47
snowflake_credits_used{warehouse="etl_wh"} 99.66
snowflake_credits_used{warehouse="bi_wh"} 12.14
snowflake_credits_used{warehouse="analytics_wh"} 54.11
snowflake_credits_used{warehouse="etl_wh"} 38.19
snowflake_credits_used{warehouse="bi_wh"} 72.83
snowflake_credits_used{warehouse="analytics_wh"} 96.12
snowflake_credits_used{warehouse="etl_wh"} 68.25
snowflake_credits_used{warehouse="bi_wh"} 92.23
snowflake_credits_used{warehouse="analytics_wh"} 11.46
snowflake_credits_used{warehouse="etl_wh"} 98.34
snowflake_credits_used{warehouse="bi_wh"} 39.45
snowflake_credits_used{warehouse="analytics_wh"} 58.25
snowflake_credits_used{warehouse="etl_wh"} 44.14
snowflake_credits_used{warehouse="bi_wh"} 32.38
snowflake_credits_used{warehouse="analytics_wh"} 32.3
snowflake_credits_used{warehouse="etl_wh"} 39.41
snowflake_credits_used{warehouse="bi_wh"} 37.87
snowflake_credits_used{warehouse="analytics_wh"} 32.44
snowflake_credits_used{warehouse="etl_wh"} 79.6
snowflake_credits_used{warehouse="bi_wh"} 80.44
snowflake_credits_used{warehouse="analytics_wh"} 88.94
snowflake_credits_used{warehouse="etl_wh"} 44.36
snowflake_credits_used{warehouse="bi_wh"} 77.72
snowflake_credits_used{warehouse="analytics_wh"} 44.86
snowflake_credits_used{warehouse="etl_wh"} 19.68
snowflake_credits_used{warehouse="bi_wh"} 12.78
snowflake_credits_used{warehouse="analytics_wh"} 45.49
snowflake_credits_used{warehouse="etl_wh"} 78.36
snowflake_credits_used{warehouse="bi_wh"} 80.05
snowflake_credits_used{warehouse="analytics_wh"} 30.98
snowflake_credits_used{warehouse="etl_wh"} 54.1
snowflake_credits_used{warehouse="bi_wh"} 32.67
snowflake_credits_used{warehouse="analytics_wh"} 96.05
snowflake_credits_used{warehouse="etl_wh"} 76.26
snowflake_credits_used{warehouse="bi_wh"} 26.44
snowflake_credits_used{warehouse="analytics_wh"} 74.51
snowflake_credits_used{warehouse="etl_wh"} 90.97
snowflake_credits_used{warehouse="bi_wh"} 59.9
snowflake_credits_used{warehouse="analytics_wh"} 51.52
snowflake_credits_used{warehouse="etl_wh"} 21.88
snowflake_credits_used{warehouse="bi_wh"} 53.16
snowflake_credits_used{warehouse="analytics_wh"} 82.79
snowflake_credits_used{warehouse="etl_wh"} 56.8
snowflake_credits_used{warehouse="bi_wh"} 14.38
snowflake_credits_used{warehouse="analytics_wh"} 93.99
snowflake_credits_used{warehouse="etl_wh"} 72.8
snowflake_credits_used{warehouse="bi_wh"} 44.48
snowflake_credits_used{warehouse="analytics_wh"} 16.33
snowflake_credits_used{warehouse="etl_wh"} 45.1
snowflake_credits_used{warehouse="bi_wh"} 32.0
snowflake_credits_used{warehouse="analytics_wh"} 44.62
snowflake_credits_used{warehouse="etl_wh"} 61.58
snowflake_credits_used{warehouse="bi_wh"} 67.58
snowflake_credits_used{warehouse="analytics_wh"} 52.77
snowflake_credits_used{warehouse="etl_wh"} 50.12
snowflake_credits_used{warehouse="bi_wh"} 62.49
snowflake_credits_used{warehouse="analytics_wh"} 25.52
snowflake_credits_used{warehouse="etl_wh"} 84.88
snowflake_credits_used{warehouse="bi_wh"} 64.21
snowflake_credits_used{warehouse="analytics_wh"} 44.55
snowflake_credits_used{warehouse="etl_wh"} 23.86
snowflake_credits_used{warehouse="bi_wh"} 76.28
snowflake_credits_used{warehouse="analytics_wh"} 57.97
snowflake_credits_used{warehouse="etl_wh"} 77.43
snowflake_credits_used{warehouse="bi_wh"} 65.73
snowflake_credits_used{warehouse="analytics_wh"} 62.53
snowflake_credits_used{warehouse="etl_wh"} 68.83
snowflake_credits_used{warehouse="bi_wh"} 34.21
snowflake_credits_used{warehouse="analytics_wh"} 93.08
snowflake_credits_used{warehouse="etl_wh"} 43.12
snowflake_credits_used{warehouse="bi_wh"} 96.44
snowflake_credits_used{warehouse="analytics_wh"} 83.53
snowflake_credits_used{warehouse="etl_wh"} 89.51
snowflake_credits_used{warehouse="bi_wh"} 99.17
snowflake_credits_used{warehouse="analytics_wh"} 51.7
snowflake_credits_used{warehouse="etl_wh"} 48.26
snowflake_credits_used{warehouse="bi_wh"} 60.02
snowflake_credits_used{warehouse="analytics_wh"} 93.71
snowflake_credits_used{warehouse="etl_wh"} 54.78
snowflake_credits_used{warehouse="bi_wh"} 63.09
snowflake_credits_used{warehouse="analytics_wh"} 40.86
snowflake_credits_used{warehouse="etl_wh"} 61.34
snowflake_credits_used{warehouse="bi_wh"} 13.76
snowflake_credits_used{warehouse="analytics_wh"} 22.98
snowflake_credits_used{warehouse="etl_wh"} 45.97
snowflake_credits_used{warehouse="bi_wh"} 86.19
snowflake_credits_used{warehouse="analytics_wh"} 20.69
snowflake_credits_used{warehouse="etl_wh"} 39.32
snowflake_credits_used{warehouse="bi_wh"} 32.54
snowflake_credits_used{warehouse="analytics_wh"} 89.08
snowflake_credits_used{warehouse="etl_wh"} 70.35
snowflake_credits_used{warehouse="bi_wh"} 59.96
snowflake_credits_used{warehouse="analytics_wh"} 36.22
snowflake_credits_used{warehouse="etl_wh"} 41.4
snowflake_credits_used{warehouse="bi_wh"} 81.93
snowflake_credits_used{warehouse="analytics_wh"} 60.82
snowflake_credits_used{warehouse="etl_wh"} 61.51
snowflake_credits_used{warehouse="bi_wh"} 20.73
snowflake_credits_used{warehouse="analytics_wh"} 72.99
snowflake_credits_used{warehouse="etl_wh"} 95.12
snowflake_credits_used{warehouse="bi_wh"} 55.24
snowflake_credits_used{warehouse="analytics_wh"} 33.58
snowflake_credits_used{warehouse="etl_wh"} 89.09
snowflake_credits_used{warehouse="bi_wh"} 10.47
snowflake_credits_used{warehouse="analytics_wh"} 31.57
snowflake_credits_used{warehouse="etl_wh"} 12.96
snowflake_credits_used{warehouse="bi_wh"} 52.19
snowflake_credits_used{warehouse="analytics_wh"} 38.88
snowflake_credits_used{warehouse="etl_wh"} 62.64
snowflake_credits_used{warehouse="bi_wh"} 27.43
snowflake_credits_used{warehouse="analytics_wh"} 73.14
snowflake_credits_used{warehouse="etl_wh"} 89.59
snowflake_credits_used{warehouse="bi_wh"} 92.07
snowflake_credits_used{warehouse="analytics_wh"} 91.46
snowflake_credits_used{warehouse="etl_wh"} 52.45
snowflake_credits_used{warehouse="bi_wh"} 37.1
snowflake_credits_used{warehouse="analytics_wh"} 28.33
snowflake_credits_used{warehouse="etl_wh"} 23.32
snowflake_credits_used{warehouse="bi_wh"} 51.38
snowflake_credits_used{warehouse="analytics_wh"} 47.66
snowflake_credits_used{warehouse="etl_wh"} 46.43
snowflake_credits_used{warehouse="bi_wh"} 49.34
snowflake_credits_used{warehouse="analytics_wh"} 51.0
snowflake_credits_used{warehouse="etl_wh"} 87.29
snowflake_credits_used{warehouse="bi_wh"} 35.31
snowflake_credits_used{warehouse="analytics_wh"} 65.94
snowflake_credits_used{warehouse="etl_wh"} 13.4
snowflake_credits_used{warehouse="bi_wh"} 98.97
snowflake_credits_used{warehouse="analytics_wh"} 66.23
snowflake_credits_used{warehouse="etl_wh"} 47.08
snowflake_credits_used{warehouse="bi_wh"} 68.5
snowflake_credits_used{warehouse="analytics_wh"} 91.53
snowflake_credits_used{warehouse="etl_wh"} 22.61
snowflake_credits_used{warehouse="bi_wh"} 98.41
snowflake_credits_used{warehouse="analytics_wh"} 51.02
snowflake_credits_used{warehouse="etl_wh"} 41.53
snowflake_credits_used{warehouse="bi_wh"} 35.99
snowflake_credits_used{warehouse="analytics_wh"} 33.8
snowflake_credits_used{warehouse="etl_wh"} 62.75
snowflake_credits_used{warehouse="bi_wh"} 45.65
snowflake_credits_used{warehouse="analytics_wh"} 57.73
snowflake_credits_used{warehouse="etl_wh"} 23.68
snowflake_credits_used{warehouse="bi_wh"} 13.23
snowflake_credits_used{warehouse="analytics_wh"} 90.72
snowflake_credits_used{warehouse="etl_wh"} 75.8
snowflake_credits_used{warehouse="bi_wh"} 21.35
snowflake_credits_used{warehouse="analytics_wh"} 15.7
snowflake_credits_used{warehouse="etl_wh"} 11.18
snowflake_credits_used{warehouse="bi_wh"} 81.72
snowflake_credits_used{warehouse="analytics_wh"} 22.01
snowflake_credits_used{warehouse="etl_wh"} 60.47
snowflake_credits_used{warehouse="bi_wh"} 36.93
snowflake_credits_used{warehouse="analytics_wh"} 54.67
snowflake_credits_used{warehouse="etl_wh"} 32.03
snowflake_credits_used{warehouse="bi_wh"} 64.65
snowflake_credits_used{warehouse="analytics_wh"} 94.6
snowflake_credits_used{warehouse="etl_wh"} 75.97
snowflake_credits_used{warehouse="bi_wh"} 48.14
snowflake_credits_used{warehouse="analytics_wh"} 67.41
snowflake_credits_used{warehouse="etl_wh"} 93.11
snowflake_credits_used{warehouse="bi_wh"} 49.21
snowflake_credits_used{warehouse="analytics_wh"} 54.09
snowflake_credits_used{warehouse="etl_wh"} 85.21
snowflake_credits_used{warehouse="bi_wh"} 59.25
snowflake_credits_used{warehouse="analytics_wh"} 22.69
snowflake_credits_used{warehouse="etl_wh"} 60.86
snowflake_credits_used{warehouse="bi_wh"} 10.7
snowflake_credits_used{warehouse="analytics_wh"} 49.6
snowflake_credits_used{warehouse="etl_wh"} 38.45
snowflake_credits_used{warehouse="bi_wh"} 16.47
snowflake_credits_used{warehouse="analytics_wh"} 30.1
snowflake_credits_used{warehouse="etl_wh"} 68.41
snowflake_credits_used{warehouse="bi_wh"} 62.87
snowflake_credits_used{warehouse="analytics_wh"} 40.97
snowflake_credits_used{warehouse="etl_wh"} 65.45
snowflake_credits_used{warehouse="bi_wh"} 42.34
snowflake_credits_used{warehouse="analytics_wh"} 85.87
snowflake_credits_used{warehouse="etl_wh"} 92.7
snowflake_credits_used{warehouse="bi_wh"} 97.94
snowflake_credits_used{warehouse="analytics_wh"} 47.08
snowflake_credits_used{warehouse="etl_wh"} 12.96
snowflake_credits_used{warehouse="bi_wh"} 73.21
snowflake_credits_used{warehouse="analytics_wh"} 96.12
snowflake_credits_used{warehouse="etl_wh"} 69.01
snowflake_credits_used{warehouse="bi_wh"} 30.03
snowflake_credits_used{warehouse="analytics_wh"} 89.6
snowflake_credits_used{warehouse="etl_wh"} 80.17
snowflake_credits_used{warehouse="bi_wh"} 19.59
snowflake_credits_used{warehouse="analytics_wh"} 37.46
snowflake_credits_used{warehouse="etl_wh"} 39.41
snowflake_credits_used{warehouse="bi_wh"} 88.84
snowflake_credits_used{warehouse="analytics_wh"} 23.02
snowflake_credits_used{warehouse="etl_wh"} 44.59
snowflake_credits_used{warehouse="bi_wh"} 75.1
snowflake_credits_used{warehouse="analytics_wh"} 15.69
snowflake_credits_used{warehouse="etl_wh"} 14.87
snowflake_credits_used{warehouse="bi_wh"} 25.19
snowflake_credits_used{warehouse="analytics_wh"} 73.7
snowflake_credits_used{warehouse="etl_wh"} 36.29
snowflake_credits_used{warehouse="bi_wh"} 48.68
snowflake_credits_used{warehouse="analytics_wh"} 20.69
snowflake_credits_used{warehouse="etl_wh"} 61.12
snowflake_credits_used{warehouse="bi_wh"} 35.29
snowflake_credits_used{warehouse="analytics_wh"} 65.03
snowflake_credits_used{warehouse="etl_wh"} 86.92
snowflake_credits_used{warehouse="bi_wh"} 12.78
snowflake_credits_used{warehouse="analytics_wh"} 12.33
snowflake_credits_used{warehouse="etl_wh"} 47.33
snowflake_credits_used{warehouse="bi_wh"} 98.61
snowflake_credits_used{warehouse="analytics_wh"} 93.57
snowflake_credits_used{warehouse="etl_wh"} 51.27
snowflake_credits_used{warehouse="bi_wh"} 16.91
snowflake_credits_used{warehouse="analytics_wh"} 27.19
snowflake_credits_used{warehouse="etl_wh"} 26.9
snowflake_credits_used{warehouse="bi_wh"} 10.82
snowflake_credits_used{warehouse="analytics_wh"} 10.42
snowflake_credits_used{warehouse="etl_wh"} 65.36
snowflake_credits_used{warehouse="bi_wh"} 23.85
snowflake_credits_used{warehouse="analytics_wh"} 26.51
snowflake_credits_used{warehouse="etl_wh"} 99.11
snowflake_credits_used{warehouse="bi_wh"} 73.13
snowflake_credits_used{warehouse="analytics_wh"} 79.26
snowflake_credits_used{warehouse="etl_wh"} 26.55
snowflake_credits_used{warehouse="bi_wh"} 75.45
snowflake_credits_used{warehouse="analytics_wh"} 63.31
snowflake_credits_used{warehouse="etl_wh"} 95.36
snowflake_credits_used{warehouse="bi_wh"} 72.14
snowflake_credits_used{warehouse="analytics_wh"} 64.1
snowflake_credits_used{warehouse="etl_wh"} 31.49
snowflake_credits_used{warehouse="bi_wh"} 11.17
snowflake_credits_used{warehouse="analytics_wh"} 31.65
snowflake_credits_used{warehouse="etl_wh"} 83.74
snowflake_credits_used{warehouse="bi_wh"} 14.47
snowflake_credits_used{warehouse="analytics_wh"} 47.89
snowflake_credits_used{warehouse="etl_wh"} 44.56
snowflake_credits_used{warehouse="bi_wh"} 83.81
snowflake_credits_used{warehouse="analytics_wh"} 20.17
snowflake_credits_used{warehouse="etl_wh"} 13.06
snowflake_credits_used{warehouse="bi_wh"} 71.66
snowflake_credits_used{warehouse="analytics_wh"} 29.59
snowflake_credits_used{warehouse="etl_wh"} 81.73
snowflake_credits_used{warehouse="bi_wh"} 76.32
snowflake_credits_used{warehouse="analytics_wh"} 82.65
snowflake_credits_used{warehouse="etl_wh"} 63.03
snowflake_credits_used{warehouse="bi_wh"} 14.21
snowflake_credits_used{warehouse="analytics_wh"} 74.04
snowflake_credits_used{warehouse="etl_wh"} 48.02
snowflake_credits_used{warehouse="bi_wh"} 76.89
snowflake_credits_used{warehouse="analytics_wh"} 56.83
snowflake_credits_used{warehouse="etl_wh"} 52.67
snowflake_credits_used{warehouse="bi_wh"} 24.77
snowflake_credits_used{warehouse="analytics_wh"} 76.77
snowflake_credits_used{warehouse="etl_wh"} 96.64
snowflake_credits_used{warehouse="bi_wh"} 63.44
snowflake_credits_used{warehouse="analytics_wh"} 23.77
snowflake_credits_used{warehouse="etl_wh"} 26.87
snowflake_credits_used{warehouse="bi_wh"} 42.22
